0 info it worked if it ends with ok
1 verbose cli [ '/usr/bin/nodejs',
1 verbose cli   '/usr/bin/npm',
1 verbose cli   'install',
1 verbose cli   '--save',
1 verbose cli   'plottable' ]
2 info using npm@1.3.10
3 info using node@v0.10.25
4 verbose cache add [ 'plottable', null ]
5 verbose cache add name=undefined spec="plottable" args=["plottable",null]
6 verbose parsed url { protocol: null,
6 verbose parsed url   slashes: null,
6 verbose parsed url   auth: null,
6 verbose parsed url   host: null,
6 verbose parsed url   port: null,
6 verbose parsed url   hostname: null,
6 verbose parsed url   hash: null,
6 verbose parsed url   search: null,
6 verbose parsed url   query: null,
6 verbose parsed url   pathname: 'plottable',
6 verbose parsed url   path: 'plottable',
6 verbose parsed url   href: 'plottable' }
7 silly lockFile 318f96c0-plottable plottable
8 verbose lock plottable /home/pimpampum0/.npm/318f96c0-plottable.lock
9 silly lockFile 318f96c0-plottable plottable
10 silly lockFile 318f96c0-plottable plottable
11 verbose addNamed [ 'plottable', '' ]
12 verbose addNamed [ null, '*' ]
13 silly lockFile 13e0b08c-plottable plottable@
14 verbose lock plottable@ /home/pimpampum0/.npm/13e0b08c-plottable.lock
15 silly addNameRange { name: 'plottable', range: '*', hasData: false }
16 verbose url raw plottable
17 verbose url resolving [ 'https://registry.npmjs.org/', './plottable' ]
18 verbose url resolved https://registry.npmjs.org/plottable
19 info trying registry request attempt 1 at 09:44:21
20 verbose etag "58e80b76-13193"
21 http GET https://registry.npmjs.org/plottable
22 http 304 https://registry.npmjs.org/plottable
23 silly registry.get cb [ 304,
23 silly registry.get   { date: 'Tue, 11 Apr 2017 07:44:21 GMT',
23 silly registry.get     via: '1.1 varnish',
23 silly registry.get     'cache-control': 'max-age=300',
23 silly registry.get     etag: '"58e80b76-13193"',
23 silly registry.get     age: '0',
23 silly registry.get     connection: 'keep-alive',
23 silly registry.get     'x-served-by': 'cache-mad9428-MAD',
23 silly registry.get     'x-cache': 'MISS',
23 silly registry.get     'x-cache-hits': '0',
23 silly registry.get     'x-timer': 'S1491896661.466725,VS0,VE138',
23 silly registry.get     vary: 'Accept-Encoding' } ]
24 verbose etag plottable from cache
25 silly addNameRange number 2 { name: 'plottable', range: '*', hasData: true }
26 silly addNameRange versions [ 'plottable',
26 silly addNameRange   [ '2.0.1-beta.0',
26 silly addNameRange     '2.1.0',
26 silly addNameRange     '2.2.0',
26 silly addNameRange     '2.3.0',
26 silly addNameRange     '2.3.1',
26 silly addNameRange     '2.4.0',
26 silly addNameRange     '2.4.1',
26 silly addNameRange     '2.5.0',
26 silly addNameRange     '2.6.0',
26 silly addNameRange     '2.7.0',
26 silly addNameRange     '2.8.0',
26 silly addNameRange     '2.9.0',
26 silly addNameRange     '2.9.1',
26 silly addNameRange     '3.0.0-beta.1',
26 silly addNameRange     '3.0.0-beta.2',
26 silly addNameRange     '3.0.0-beta.3',
26 silly addNameRange     '3.0.0-beta.4',
26 silly addNameRange     '3.0.0-beta.4-6-gd84592c',
26 silly addNameRange     '3.0.0-beta.4-7-g9dad2a37',
26 silly addNameRange     '3.0.0-beta.4-9-gd298067f',
26 silly addNameRange     '3.0.0-beta.4-8-g4d9d0f32',
26 silly addNameRange     '3.0.0-beta.4-10-g687be39b',
26 silly addNameRange     '3.0.0-beta.4-11-ga02ee8ce',
26 silly addNameRange     '3.0.0-beta.4-12-g3be09421',
26 silly addNameRange     '3.0.0-beta.4-13-g0c2cdad9',
26 silly addNameRange     '3.0.0-beta.4-14-gf67907a8',
26 silly addNameRange     '3.0.0-beta.4-15-g25616a64',
26 silly addNameRange     '3.0.0-rc.1',
26 silly addNameRange     '3.0.0-rc.1-1-g61485cae',
26 silly addNameRange     '3.0.0-rc.1-2-gd93bdd89' ] ]
27 verbose addNamed [ 'plottable', '3.0.0-rc.1' ]
28 verbose addNamed [ '3.0.0-rc.1', '3.0.0-rc.1' ]
29 silly lockFile 2a1ed0ed-plottable-3-0-0-rc-1 plottable@3.0.0-rc.1
30 verbose lock plottable@3.0.0-rc.1 /home/pimpampum0/.npm/2a1ed0ed-plottable-3-0-0-rc-1.lock
31 silly lockFile 2a1ed0ed-plottable-3-0-0-rc-1 plottable@3.0.0-rc.1
32 silly lockFile 2a1ed0ed-plottable-3-0-0-rc-1 plottable@3.0.0-rc.1
33 silly lockFile 13e0b08c-plottable plottable@
34 silly lockFile 13e0b08c-plottable plottable@
35 silly resolved [ { name: 'plottable',
35 silly resolved     description: 'A modular charting library built on D3',
35 silly resolved     version: '3.0.0-rc.1',
35 silly resolved     license: 'MIT',
35 silly resolved     repository:
35 silly resolved      { type: 'git',
35 silly resolved        url: 'https://github.com/palantir/plottable.git' },
35 silly resolved     author: { name: 'Palantir Technologies' },
35 silly resolved     main: 'build/src/index.js',
35 silly resolved     typings: 'build/src/index.d.ts',
35 silly resolved     scripts:
35 silly resolved      { build: 'npm-run-all -p lint:tslint build:tsc -s build:webpack',
35 silly resolved        'build:tsc': 'tsc -p test/',
35 silly resolved        'build:webpack': 'webpack',
35 silly resolved        check_version: 'echo ${npm_package_version} $(npm view ${npm_package_name} version) | awk \'{ if ($1 == $2) { exit 1 }}\'',
35 silly resolved        dist: 'npm-run-all build dist:sed-version dist:build-min',
35 silly resolved        'dist:build-min': 'webpack --config webpackConfig/build.js --optimize-minimize --output-filename plottable.min.js',
35 silly resolved        'dist:sed-version': 'sed -i.bak -e "s/exports.version = __VERSION__/exports.version = \\"${npm_package_version}\\"/" build/src/core/version.js',
35 silly resolved        'lint:tslint': 'tslint --project tsconfig.json --type-check',
35 silly resolved        start: 'npm-run-all -p start:update-quicktests start:watch-tsc start:watch-quicktests start:webpack-dev-server',
35 silly resolved        'start:update-quicktests': 'grunt update-quicktests',
35 silly resolved        'start:watch-quicktests': 'grunt watch-quicktests',
35 silly resolved        'start:watch-tsc': 'tsc -w -p test/',
35 silly resolved        'start:webpack-dev-server': 'webpack-dev-server',
35 silly resolved        test: 'grunt test-travis' },
35 silly resolved     devDependencies:
35 silly resolved      { '@types/chai': '^3.4.34',
35 silly resolved        '@types/d3-selection-multi': '1.0.4',
35 silly resolved        '@types/mocha': '^2.2.27',
35 silly resolved        '@types/sinon': '^1.16.36',
35 silly resolved        chai: '2.0.0',
35 silly resolved        'circle-github-bot': '0.3.0',
35 silly resolved        grunt: '~0.4.5',
35 silly resolved        'grunt-blanket-mocha': '0.5.0',
35 silly resolved        'grunt-cli': '0.1.13',
35 silly resolved        'grunt-contrib-connect': '0.11.2',
35 silly resolved        'grunt-contrib-watch': '0.6.1',
35 silly resolved        'grunt-eslint': '17.3.1',
35 silly resolved        'grunt-exec': '1.0.1',
35 silly resolved        'grunt-jscs': '2.6.0',
35 silly resolved        'grunt-saucelabs': '8.6.2',
35 silly resolved        jquery: '2.1.0',
35 silly resolved        'load-grunt-tasks': '3.4.0',
35 silly resolved        mocha: '2.2.5',
35 silly resolved        'npm-run-all': '4.0.1',
35 silly resolved        requirejs: '2.1.18',
35 silly resolved        sinon: '^2.1.0',
35 silly resolved        tslint: '4.5.1',
35 silly resolved        typescript: '2.1.5',
35 silly resolved        webpack: '2.2.1',
35 silly resolved        'webpack-dev-server': '2.3.0',
35 silly resolved        'webpack-merge': '^4.1.0' },
35 silly resolved     dependencies: { '@types/d3': '^4.5.0', d3: '^4.5.0', typesettable: '^3.0.2' },
35 silly resolved     bugs: { url: 'https://github.com/palantir/plottable/issues' },
35 silly resolved     readme: 'ERROR: No README data found!',
35 silly resolved     _id: 'plottable@3.0.0-rc.1',
35 silly resolved     _from: 'plottable@' } ]
36 info install plottable@3.0.0-rc.1 into /home/pimpampum0/www/hours_tracker
37 info installOne plottable@3.0.0-rc.1
38 info /home/pimpampum0/www/hours_tracker/node_modules/plottable unbuild
39 info preuninstall plottable@3.0.0-rc.1
40 info uninstall plottable@3.0.0-rc.1
41 verbose true,/home/pimpampum0/www/hours_tracker/node_modules,/home/pimpampum0/www/hours_tracker/node_modules unbuild plottable@3.0.0-rc.1
42 info postuninstall plottable@3.0.0-rc.1
43 verbose tar unpack /home/pimpampum0/.npm/plottable/3.0.0-rc.1/package.tgz
44 silly lockFile dba26eb1-s-tracker-node-modules-plottable tar:///home/pimpampum0/www/hours_tracker/node_modules/plottable
45 verbose lock tar:///home/pimpampum0/www/hours_tracker/node_modules/plottable /home/pimpampum0/.npm/dba26eb1-s-tracker-node-modules-plottable.lock
46 silly lockFile d94d779d-plottable-3-0-0-rc-1-package-tgz tar:///home/pimpampum0/.npm/plottable/3.0.0-rc.1/package.tgz
47 verbose lock tar:///home/pimpampum0/.npm/plottable/3.0.0-rc.1/package.tgz /home/pimpampum0/.npm/d94d779d-plottable-3-0-0-rc-1-package-tgz.lock
48 silly gunzTarPerm modes [ '755', '644' ]
49 silly gunzTarPerm extractEntry package.json
50 silly gunzTarPerm extractEntry LICENSE
51 silly gunzTarPerm extractEntry plottable.js
52 silly gunzTarPerm extractEntry plottable.min.js
53 silly gunzTarPerm extractEntry build/src/index.js
54 silly gunzTarPerm extractEntry build/src/index.d.ts
55 silly gunzTarPerm extractEntry build/src/components/yDragBoxLayer.js
56 silly gunzTarPerm extractEntry build/src/components/gridlines.js
57 silly gunzTarPerm extractEntry build/src/components/group.js
58 silly gunzTarPerm extractEntry build/src/components/guideLineLayer.js
59 silly gunzTarPerm extractEntry build/src/components/index.js
60 silly gunzTarPerm extractEntry build/src/components/dragLineLayer.js
61 silly gunzTarPerm extractEntry build/src/components/interpolatedColorLegend.js
62 silly gunzTarPerm extractEntry build/src/components/label.js
63 silly gunzTarPerm extractEntry build/src/components/legend.js
64 silly gunzTarPerm extractEntry build/src/components/plotGroup.js
65 silly gunzTarPerm extractEntry build/src/components/selectionBoxLayer.js
66 silly gunzTarPerm extractEntry build/src/components/dragBoxLayer.js
67 silly gunzTarPerm extractEntry build/src/components/table.js
68 silly gunzTarPerm extractEntry build/src/components/componentContainer.js
69 silly gunzTarPerm extractEntry build/src/components/xDragBoxLayer.js
70 silly gunzTarPerm extractEntry build/src/components/component.js
71 silly gunzTarPerm extractEntry build/src/components/gridlines.d.ts
72 silly gunzTarPerm extractEntry build/src/components/dragBoxLayer.d.ts
73 silly gunzTarPerm extractEntry build/src/components/label.d.ts
74 silly gunzTarPerm extractEntry build/src/components/group.d.ts
75 silly gunzTarPerm extractEntry build/src/components/legend.d.ts
76 silly gunzTarPerm extractEntry build/src/components/componentContainer.d.ts
77 silly gunzTarPerm extractEntry build/src/components/plotGroup.d.ts
78 silly gunzTarPerm extractEntry build/src/components/guideLineLayer.d.ts
79 silly gunzTarPerm extractEntry build/src/components/selectionBoxLayer.d.ts
80 silly gunzTarPerm extractEntry build/src/components/dragLineLayer.d.ts
81 silly gunzTarPerm extractEntry build/src/components/table.d.ts
82 silly gunzTarPerm extractEntry build/src/components/index.d.ts
83 silly gunzTarPerm extractEntry build/src/components/xDragBoxLayer.d.ts
84 silly gunzTarPerm extractEntry build/src/components/component.d.ts
85 silly gunzTarPerm extractEntry build/src/components/yDragBoxLayer.d.ts
86 silly gunzTarPerm extractEntry build/src/components/interpolatedColorLegend.d.ts
87 silly gunzTarPerm extractEntry build/src/core/dataset.js
88 silly gunzTarPerm extractEntry build/src/core/formatters.js
89 silly gunzTarPerm extractEntry build/src/core/interfaces.js
90 silly gunzTarPerm extractEntry build/src/core/config.js
91 silly gunzTarPerm extractEntry build/src/core/renderController.js
92 silly gunzTarPerm extractEntry build/src/core/renderPolicy.js
93 silly gunzTarPerm extractEntry build/src/core/symbolFactories.js
94 silly gunzTarPerm extractEntry build/src/core/version.js
95 silly gunzTarPerm extractEntry build/src/core/renderController.d.ts
96 silly gunzTarPerm extractEntry build/src/core/dataset.d.ts
97 silly gunzTarPerm extractEntry build/src/core/renderPolicy.d.ts
98 silly gunzTarPerm extractEntry build/src/core/interfaces.d.ts
99 silly gunzTarPerm extractEntry build/src/core/symbolFactories.d.ts
100 silly gunzTarPerm extractEntry build/src/core/config.d.ts
101 silly gunzTarPerm extractEntry build/src/core/version.d.ts
102 silly gunzTarPerm extractEntry build/src/core/formatters.d.ts
103 silly gunzTarPerm extractEntry build/src/core/version.js.bak
104 silly gunzTarPerm extractEntry build/src/dispatchers/dispatcher.js
105 silly gunzTarPerm extractEntry build/src/dispatchers/index.js
106 silly gunzTarPerm extractEntry build/src/dispatchers/keyDispatcher.js
107 silly gunzTarPerm extractEntry build/src/dispatchers/mouseDispatcher.js
108 silly gunzTarPerm extractEntry build/src/dispatchers/touchDispatcher.js
109 silly gunzTarPerm extractEntry build/src/dispatchers/dispatcher.d.ts
110 silly gunzTarPerm extractEntry build/src/dispatchers/index.d.ts
111 silly gunzTarPerm extractEntry build/src/dispatchers/keyDispatcher.d.ts
112 silly gunzTarPerm extractEntry build/src/dispatchers/mouseDispatcher.d.ts
113 silly gunzTarPerm extractEntry build/src/dispatchers/touchDispatcher.d.ts
114 silly gunzTarPerm extractEntry build/src/drawers/symbolDrawer.js
115 silly gunzTarPerm extractEntry build/src/drawers/svgDrawer.js
116 silly gunzTarPerm extractEntry build/src/drawers/arcOutlineDrawer.js
117 silly gunzTarPerm extractEntry build/src/drawers/segmentDrawer.js
118 silly gunzTarPerm extractEntry build/src/drawers/areaDrawer.js
119 silly gunzTarPerm extractEntry build/src/drawers/rectangleDrawer.js
120 silly gunzTarPerm extractEntry build/src/drawers/canvasDrawer.js
121 silly gunzTarPerm extractEntry build/src/drawers/lineDrawer.js
122 silly gunzTarPerm extractEntry build/src/drawers/drawer.js
123 silly gunzTarPerm extractEntry build/src/drawers/arcDrawer.js
124 silly gunzTarPerm extractEntry build/src/drawers/index.js
125 silly gunzTarPerm extractEntry build/src/drawers/segmentDrawer.d.ts
126 silly gunzTarPerm extractEntry build/src/drawers/index.d.ts
127 silly gunzTarPerm extractEntry build/src/drawers/drawer.d.ts
128 silly gunzTarPerm extractEntry build/src/drawers/rectangleDrawer.d.ts
129 silly gunzTarPerm extractEntry build/src/drawers/canvasDrawer.d.ts
130 silly gunzTarPerm extractEntry build/src/drawers/lineDrawer.d.ts
131 silly gunzTarPerm extractEntry build/src/drawers/areaDrawer.d.ts
132 silly gunzTarPerm extractEntry build/src/drawers/svgDrawer.d.ts
133 silly gunzTarPerm extractEntry build/src/drawers/arcOutlineDrawer.d.ts
134 silly gunzTarPerm extractEntry build/src/drawers/symbolDrawer.d.ts
135 silly gunzTarPerm extractEntry build/src/drawers/arcDrawer.d.ts
136 silly gunzTarPerm extractEntry build/src/axes/axis.js
137 silly gunzTarPerm extractEntry build/src/axes/categoryAxis.js
138 silly gunzTarPerm extractEntry build/src/axes/index.js
139 silly gunzTarPerm extractEntry build/src/axes/numericAxis.js
140 silly gunzTarPerm extractEntry build/src/axes/timeAxis.js
141 silly gunzTarPerm extractEntry build/src/axes/axis.d.ts
142 silly gunzTarPerm extractEntry build/src/axes/categoryAxis.d.ts
143 silly gunzTarPerm extractEntry build/src/axes/index.d.ts
144 silly gunzTarPerm extractEntry build/src/axes/numericAxis.d.ts
145 silly gunzTarPerm extractEntry build/src/axes/timeAxis.d.ts
146 silly gunzTarPerm extractEntry build/src/animators/animator.js
147 silly gunzTarPerm extractEntry build/src/animators/easingAnimator.js
148 silly gunzTarPerm extractEntry build/src/animators/index.js
149 silly gunzTarPerm extractEntry build/src/animators/nullAnimator.js
150 silly gunzTarPerm extractEntry build/src/animators/animator.d.ts
151 silly gunzTarPerm extractEntry build/src/animators/easingAnimator.d.ts
152 silly gunzTarPerm extractEntry build/src/animators/index.d.ts
153 silly gunzTarPerm extractEntry build/src/animators/nullAnimator.d.ts
154 silly gunzTarPerm extractEntry build/src/interactions/pointerInteraction.js
155 silly gunzTarPerm extractEntry build/src/interactions/panZoomInteraction.js
156 silly gunzTarPerm extractEntry build/src/interactions/dragInteraction.js
157 silly gunzTarPerm extractEntry build/src/interactions/keyInteraction.js
158 silly gunzTarPerm extractEntry build/src/interactions/index.js
159 silly gunzTarPerm extractEntry build/src/interactions/clickInteraction.js
160 silly gunzTarPerm extractEntry build/src/interactions/interaction.js
161 silly gunzTarPerm extractEntry build/src/interactions/interaction.d.ts
162 silly gunzTarPerm extractEntry build/src/interactions/keyInteraction.d.ts
163 silly gunzTarPerm extractEntry build/src/interactions/index.d.ts
164 silly gunzTarPerm extractEntry build/src/interactions/panZoomInteraction.d.ts
165 silly gunzTarPerm extractEntry build/src/interactions/dragInteraction.d.ts
166 silly gunzTarPerm extractEntry build/src/interactions/pointerInteraction.d.ts
167 silly gunzTarPerm extractEntry build/src/interactions/clickInteraction.d.ts
168 silly gunzTarPerm extractEntry build/src/plots/xyPlot.js
169 silly gunzTarPerm extractEntry build/src/plots/stackedBarPlot.js
170 silly gunzTarPerm extractEntry build/src/plots/clusteredBarPlot.js
171 silly gunzTarPerm extractEntry build/src/plots/stackedAreaPlot.js
172 silly gunzTarPerm extractEntry build/src/plots/commons.js
173 silly gunzTarPerm extractEntry build/src/plots/barPlot.js
174 silly gunzTarPerm extractEntry build/src/plots/index.js
175 silly gunzTarPerm extractEntry build/src/plots/scatterPlot.js
176 silly gunzTarPerm extractEntry build/src/plots/linePlot.js
177 silly gunzTarPerm extractEntry build/src/plots/rectanglePlot.js
178 silly gunzTarPerm extractEntry build/src/plots/piePlot.js
179 silly gunzTarPerm extractEntry build/src/plots/waterfallPlot.js
180 silly gunzTarPerm extractEntry build/src/plots/areaPlot.js
181 silly gunzTarPerm extractEntry build/src/plots/segmentPlot.js
182 silly gunzTarPerm extractEntry build/src/plots/plot.js
183 silly gunzTarPerm extractEntry build/src/plots/stackedAreaPlot.d.ts
184 silly gunzTarPerm extractEntry build/src/plots/plot.d.ts
185 silly gunzTarPerm extractEntry build/src/plots/piePlot.d.ts
186 silly gunzTarPerm extractEntry build/src/plots/scatterPlot.d.ts
187 silly gunzTarPerm extractEntry build/src/plots/linePlot.d.ts
188 silly gunzTarPerm extractEntry build/src/plots/segmentPlot.d.ts
189 silly gunzTarPerm extractEntry build/src/plots/index.d.ts
190 silly gunzTarPerm extractEntry build/src/plots/rectanglePlot.d.ts
191 silly gunzTarPerm extractEntry build/src/plots/commons.d.ts
192 silly gunzTarPerm extractEntry build/src/plots/stackedBarPlot.d.ts
193 silly gunzTarPerm extractEntry build/src/plots/clusteredBarPlot.d.ts
194 silly gunzTarPerm extractEntry build/src/plots/waterfallPlot.d.ts
195 silly gunzTarPerm extractEntry build/src/plots/barPlot.d.ts
196 silly gunzTarPerm extractEntry build/src/plots/xyPlot.d.ts
197 silly gunzTarPerm extractEntry build/src/plots/areaPlot.d.ts
198 silly gunzTarPerm extractEntry build/src/scales/timeScale.js
199 silly gunzTarPerm extractEntry build/src/scales/colorScale.js
200 silly gunzTarPerm extractEntry build/src/scales/index.js
201 silly gunzTarPerm extractEntry build/src/scales/interpolatedColorScale.js
202 silly gunzTarPerm extractEntry build/src/scales/linearScale.js
203 silly gunzTarPerm extractEntry build/src/scales/categoryScale.js
204 silly gunzTarPerm extractEntry build/src/scales/modifiedLogScale.js
205 silly gunzTarPerm extractEntry build/src/scales/quantitativeScale.js
206 silly gunzTarPerm extractEntry build/src/scales/scale.js
207 silly gunzTarPerm extractEntry build/src/scales/tickGenerators.js
208 silly gunzTarPerm extractEntry build/src/scales/colorScale.d.ts
209 silly gunzTarPerm extractEntry build/src/scales/interpolatedColorScale.d.ts
210 silly gunzTarPerm extractEntry build/src/scales/quantitativeScale.d.ts
211 silly gunzTarPerm extractEntry build/src/scales/categoryScale.d.ts
212 silly gunzTarPerm extractEntry build/src/scales/scale.d.ts
213 silly gunzTarPerm extractEntry build/src/scales/linearScale.d.ts
214 silly gunzTarPerm extractEntry build/src/scales/tickGenerators.d.ts
215 silly gunzTarPerm extractEntry build/src/scales/index.d.ts
216 silly gunzTarPerm extractEntry build/src/scales/timeScale.d.ts
217 silly gunzTarPerm extractEntry build/src/scales/modifiedLogScale.d.ts
218 silly gunzTarPerm extractEntry build/src/utils/windowUtils.js
219 silly gunzTarPerm extractEntry build/src/utils/stackingUtils.js
220 silly gunzTarPerm extractEntry build/src/utils/callbackSet.js
221 silly gunzTarPerm extractEntry build/src/utils/set.js
222 silly gunzTarPerm extractEntry build/src/utils/coerceD3.js
223 silly gunzTarPerm extractEntry build/src/utils/arrayUtils.js
224 silly gunzTarPerm extractEntry build/src/utils/colorUtils.js
225 silly gunzTarPerm extractEntry build/src/utils/map.js
226 silly gunzTarPerm extractEntry build/src/utils/domUtils.js
227 silly gunzTarPerm extractEntry build/src/utils/makeEnum.js
228 silly gunzTarPerm extractEntry build/src/utils/entityStore.js
229 silly gunzTarPerm extractEntry build/src/utils/transformAwareTranslator.js
230 silly gunzTarPerm extractEntry build/src/utils/addD3SelectionMulti.js
231 silly gunzTarPerm extractEntry build/src/utils/mathUtils.js
232 silly gunzTarPerm extractEntry build/src/utils/index.js
233 silly gunzTarPerm extractEntry build/src/utils/set.d.ts
234 silly gunzTarPerm extractEntry build/src/utils/index.d.ts
235 silly gunzTarPerm extractEntry build/src/utils/entityStore.d.ts
236 silly gunzTarPerm extractEntry build/src/utils/map.d.ts
237 silly gunzTarPerm extractEntry build/src/utils/domUtils.d.ts
238 silly gunzTarPerm extractEntry build/src/utils/mathUtils.d.ts
239 silly gunzTarPerm extractEntry build/src/utils/colorUtils.d.ts
240 silly gunzTarPerm extractEntry build/src/utils/makeEnum.d.ts
241 silly gunzTarPerm extractEntry build/src/utils/coerceD3.d.ts
242 silly gunzTarPerm extractEntry build/src/utils/stackingUtils.d.ts
243 silly gunzTarPerm extractEntry build/src/utils/callbackSet.d.ts
244 silly gunzTarPerm extractEntry build/src/utils/transformAwareTranslator.d.ts
245 silly gunzTarPerm extractEntry build/src/utils/arrayUtils.d.ts
246 silly gunzTarPerm extractEntry build/src/utils/windowUtils.d.ts
247 silly gunzTarPerm extractEntry build/src/utils/addD3SelectionMulti.d.ts
248 silly gunzTarPerm extractEntry plottable.css
249 silly lockFile dba26eb1-s-tracker-node-modules-plottable tar:///home/pimpampum0/www/hours_tracker/node_modules/plottable
250 silly lockFile dba26eb1-s-tracker-node-modules-plottable tar:///home/pimpampum0/www/hours_tracker/node_modules/plottable
251 silly lockFile d94d779d-plottable-3-0-0-rc-1-package-tgz tar:///home/pimpampum0/.npm/plottable/3.0.0-rc.1/package.tgz
252 silly lockFile d94d779d-plottable-3-0-0-rc-1-package-tgz tar:///home/pimpampum0/.npm/plottable/3.0.0-rc.1/package.tgz
253 info preinstall plottable@3.0.0-rc.1
254 verbose readDependencies using package.json deps
255 verbose readDependencies using package.json deps
256 verbose cache add [ '@types/d3@^4.5.0', null ]
257 verbose cache add name=undefined spec="@types/d3@^4.5.0" args=["@types/d3@^4.5.0",null]
258 verbose parsed url { protocol: null,
258 verbose parsed url   slashes: null,
258 verbose parsed url   auth: null,
258 verbose parsed url   host: null,
258 verbose parsed url   port: null,
258 verbose parsed url   hostname: null,
258 verbose parsed url   hash: null,
258 verbose parsed url   search: null,
258 verbose parsed url   query: null,
258 verbose parsed url   pathname: '@types/d3@^4.5.0',
258 verbose parsed url   path: '@types/d3@^4.5.0',
258 verbose parsed url   href: '@types/d3@^4.5.0' }
259 verbose cache add name="" spec="types/d3@^4.5.0" args=["","types/d3@^4.5.0"]
260 verbose parsed url { protocol: null,
260 verbose parsed url   slashes: null,
260 verbose parsed url   auth: null,
260 verbose parsed url   host: null,
260 verbose parsed url   port: null,
260 verbose parsed url   hostname: null,
260 verbose parsed url   hash: null,
260 verbose parsed url   search: null,
260 verbose parsed url   query: null,
260 verbose parsed url   pathname: 'types/d3@^4.5.0',
260 verbose parsed url   path: 'types/d3@^4.5.0',
260 verbose parsed url   href: 'types/d3@^4.5.0' }
261 verbose cache add name="types/d3" spec="^4.5.0" args=["types/d3","^4.5.0"]
262 verbose parsed url { protocol: null,
262 verbose parsed url   slashes: null,
262 verbose parsed url   auth: null,
262 verbose parsed url   host: null,
262 verbose parsed url   port: null,
262 verbose parsed url   hostname: null,
262 verbose parsed url   hash: null,
262 verbose parsed url   search: null,
262 verbose parsed url   query: null,
262 verbose parsed url   pathname: '^4.5.0',
262 verbose parsed url   path: '^4.5.0',
262 verbose parsed url   href: '^4.5.0' }
263 verbose addNamed [ 'types/d3', '^4.5.0' ]
264 verbose addNamed [ null, '>=4.5.0-0 <5.0.0-0' ]
265 silly lockFile b950bc08-types-d3-4-5-0 types/d3@^4.5.0
266 verbose lock types/d3@^4.5.0 /home/pimpampum0/.npm/b950bc08-types-d3-4-5-0.lock
267 verbose cache add [ 'd3@^4.5.0', null ]
268 verbose cache add name=undefined spec="d3@^4.5.0" args=["d3@^4.5.0",null]
269 verbose parsed url { protocol: null,
269 verbose parsed url   slashes: null,
269 verbose parsed url   auth: null,
269 verbose parsed url   host: null,
269 verbose parsed url   port: null,
269 verbose parsed url   hostname: null,
269 verbose parsed url   hash: null,
269 verbose parsed url   search: null,
269 verbose parsed url   query: null,
269 verbose parsed url   pathname: 'd3@^4.5.0',
269 verbose parsed url   path: 'd3@^4.5.0',
269 verbose parsed url   href: 'd3@^4.5.0' }
270 verbose cache add name="d3" spec="^4.5.0" args=["d3","^4.5.0"]
271 verbose parsed url { protocol: null,
271 verbose parsed url   slashes: null,
271 verbose parsed url   auth: null,
271 verbose parsed url   host: null,
271 verbose parsed url   port: null,
271 verbose parsed url   hostname: null,
271 verbose parsed url   hash: null,
271 verbose parsed url   search: null,
271 verbose parsed url   query: null,
271 verbose parsed url   pathname: '^4.5.0',
271 verbose parsed url   path: '^4.5.0',
271 verbose parsed url   href: '^4.5.0' }
272 verbose addNamed [ 'd3', '^4.5.0' ]
273 verbose addNamed [ null, '>=4.5.0-0 <5.0.0-0' ]
274 silly lockFile 79790785-d3-4-5-0 d3@^4.5.0
275 verbose lock d3@^4.5.0 /home/pimpampum0/.npm/79790785-d3-4-5-0.lock
276 verbose cache add [ 'typesettable@^3.0.2', null ]
277 verbose cache add name=undefined spec="typesettable@^3.0.2" args=["typesettable@^3.0.2",null]
278 verbose parsed url { protocol: null,
278 verbose parsed url   slashes: null,
278 verbose parsed url   auth: null,
278 verbose parsed url   host: null,
278 verbose parsed url   port: null,
278 verbose parsed url   hostname: null,
278 verbose parsed url   hash: null,
278 verbose parsed url   search: null,
278 verbose parsed url   query: null,
278 verbose parsed url   pathname: 'typesettable@^3.0.2',
278 verbose parsed url   path: 'typesettable@^3.0.2',
278 verbose parsed url   href: 'typesettable@^3.0.2' }
279 verbose cache add name="typesettable" spec="^3.0.2" args=["typesettable","^3.0.2"]
280 verbose parsed url { protocol: null,
280 verbose parsed url   slashes: null,
280 verbose parsed url   auth: null,
280 verbose parsed url   host: null,
280 verbose parsed url   port: null,
280 verbose parsed url   hostname: null,
280 verbose parsed url   hash: null,
280 verbose parsed url   search: null,
280 verbose parsed url   query: null,
280 verbose parsed url   pathname: '^3.0.2',
280 verbose parsed url   path: '^3.0.2',
280 verbose parsed url   href: '^3.0.2' }
281 verbose addNamed [ 'typesettable', '^3.0.2' ]
282 verbose addNamed [ null, '>=3.0.2-0 <4.0.0-0' ]
283 silly lockFile daf02f18-typesettable-3-0-2 typesettable@^3.0.2
284 verbose lock typesettable@^3.0.2 /home/pimpampum0/.npm/daf02f18-typesettable-3-0-2.lock
285 silly addNameRange { name: 'd3', range: '>=4.5.0-0 <5.0.0-0', hasData: false }
286 silly addNameRange { name: 'typesettable',
286 silly addNameRange   range: '>=3.0.2-0 <4.0.0-0',
286 silly addNameRange   hasData: false }
287 silly addNameRange { name: 'types/d3', range: '>=4.5.0-0 <5.0.0-0', hasData: false }
288 verbose url raw d3
289 verbose url resolving [ 'https://registry.npmjs.org/', './d3' ]
290 verbose url resolved https://registry.npmjs.org/d3
291 info trying registry request attempt 1 at 09:44:22
292 verbose etag "58d54435-5083e"
293 http GET https://registry.npmjs.org/d3
294 verbose url raw typesettable
295 verbose url resolving [ 'https://registry.npmjs.org/', './typesettable' ]
296 verbose url resolved https://registry.npmjs.org/typesettable
297 info trying registry request attempt 1 at 09:44:22
298 verbose etag "58caf446-41e7"
299 http GET https://registry.npmjs.org/typesettable
300 verbose url raw types/d3
301 verbose url resolving [ 'https://registry.npmjs.org/', './types/d3' ]
302 verbose url resolved https://registry.npmjs.org/types/d3
303 info trying registry request attempt 1 at 09:44:22
304 http GET https://registry.npmjs.org/types/d3
305 http 304 https://registry.npmjs.org/typesettable
306 silly registry.get cb [ 304,
306 silly registry.get   { date: 'Tue, 11 Apr 2017 07:44:22 GMT',
306 silly registry.get     via: '1.1 varnish',
306 silly registry.get     'cache-control': 'max-age=300',
306 silly registry.get     etag: '"58caf446-41e7"',
306 silly registry.get     age: '0',
306 silly registry.get     connection: 'keep-alive',
306 silly registry.get     'x-served-by': 'cache-mad9420-MAD',
306 silly registry.get     'x-cache': 'MISS',
306 silly registry.get     'x-cache-hits': '0',
306 silly registry.get     'x-timer': 'S1491896662.054748,VS0,VE178',
306 silly registry.get     vary: 'Accept-Encoding' } ]
307 verbose etag typesettable from cache
308 http 304 https://registry.npmjs.org/d3
309 silly registry.get cb [ 304,
309 silly registry.get   { date: 'Tue, 11 Apr 2017 07:44:22 GMT',
309 silly registry.get     via: '1.1 varnish',
309 silly registry.get     'cache-control': 'max-age=300',
309 silly registry.get     etag: '"58d54435-5083e"',
309 silly registry.get     age: '0',
309 silly registry.get     connection: 'keep-alive',
309 silly registry.get     'x-served-by': 'cache-mad9435-MAD',
309 silly registry.get     'x-cache': 'MISS',
309 silly registry.get     'x-cache-hits': '0',
309 silly registry.get     'x-timer': 'S1491896662.052520,VS0,VE180',
309 silly registry.get     vary: 'Accept-Encoding' } ]
310 verbose etag d3 from cache
311 silly addNameRange number 2 { name: 'typesettable',
311 silly addNameRange   range: '>=3.0.2-0 <4.0.0-0',
311 silly addNameRange   hasData: true }
312 silly addNameRange versions [ 'typesettable', [ '3.0.0', '3.0.1', '3.0.2', '3.1.0' ] ]
313 verbose addNamed [ 'typesettable', '3.1.0' ]
314 verbose addNamed [ '3.1.0', '3.1.0' ]
315 silly lockFile fb7f0d47-typesettable-3-1-0 typesettable@3.1.0
316 verbose lock typesettable@3.1.0 /home/pimpampum0/.npm/fb7f0d47-typesettable-3-1-0.lock
317 silly addNameRange number 2 { name: 'd3', range: '>=4.5.0-0 <5.0.0-0', hasData: true }
318 silly addNameRange versions [ 'd3',
318 silly addNameRange   [ '1.29.5',
318 silly addNameRange     '2.1.3',
318 silly addNameRange     '2.2.1',
318 silly addNameRange     '2.3.0',
318 silly addNameRange     '2.3.2',
318 silly addNameRange     '2.3.3',
318 silly addNameRange     '2.3.4',
318 silly addNameRange     '2.4.0',
318 silly addNameRange     '2.4.1',
318 silly addNameRange     '2.4.2',
318 silly addNameRange     '2.5.1',
318 silly addNameRange     '2.5.2',
318 silly addNameRange     '2.6.0',
318 silly addNameRange     '2.7.0',
318 silly addNameRange     '2.7.2',
318 silly addNameRange     '2.7.3',
318 silly addNameRange     '2.7.4',
318 silly addNameRange     '2.7.5',
318 silly addNameRange     '2.8.0',
318 silly addNameRange     '2.8.1',
318 silly addNameRange     '2.9.0',
318 silly addNameRange     '2.9.1',
318 silly addNameRange     '2.9.2',
318 silly addNameRange     '2.9.3',
318 silly addNameRange     '2.9.4',
318 silly addNameRange     '2.9.6',
318 silly addNameRange     '2.9.7',
318 silly addNameRange     '2.10.0',
318 silly addNameRange     '2.10.1',
318 silly addNameRange     '2.10.3',
318 silly addNameRange     '3.0.0',
318 silly addNameRange     '3.0.1',
318 silly addNameRange     '3.0.2',
318 silly addNameRange     '3.0.3',
318 silly addNameRange     '3.0.4',
318 silly addNameRange     '3.0.5',
318 silly addNameRange     '3.0.6',
318 silly addNameRange     '3.0.7',
318 silly addNameRange     '3.0.8',
318 silly addNameRange     '3.1.0',
318 silly addNameRange     '3.1.1',
318 silly addNameRange     '3.1.2',
318 silly addNameRange     '3.1.3',
318 silly addNameRange     '3.1.4',
318 silly addNameRange     '3.1.5',
318 silly addNameRange     '3.1.6',
318 silly addNameRange     '3.1.7',
318 silly addNameRange     '3.1.8',
318 silly addNameRange     '3.1.9',
318 silly addNameRange     '3.1.10',
318 silly addNameRange     '3.2.0',
318 silly addNameRange     '3.2.1',
318 silly addNameRange     '3.2.2',
318 silly addNameRange     '3.2.3',
318 silly addNameRange     '3.2.4',
318 silly addNameRange     '3.2.5',
318 silly addNameRange     '3.2.6',
318 silly addNameRange     '3.2.7',
318 silly addNameRange     '3.2.8',
318 silly addNameRange     '3.3.0',
318 silly addNameRange     '3.3.1',
318 silly addNameRange     '3.3.2',
318 silly addNameRange     '3.3.3',
318 silly addNameRange     '3.3.4',
318 silly addNameRange     '3.3.5',
318 silly addNameRange     '3.3.6',
318 silly addNameRange     '3.3.7',
318 silly addNameRange     '3.3.8',
318 silly addNameRange     '3.3.9',
318 silly addNameRange     '3.3.10',
318 silly addNameRange     '3.3.11',
318 silly addNameRange     '3.3.12',
318 silly addNameRange     '3.3.13',
318 silly addNameRange     '3.4.0',
318 silly addNameRange     '3.4.1',
318 silly addNameRange     '3.4.2',
318 silly addNameRange     '3.4.3',
318 silly addNameRange     '3.4.4',
318 silly addNameRange     '3.4.5',
318 silly addNameRange     '3.4.6',
318 silly addNameRange     '3.4.7',
318 silly addNameRange     '3.4.8',
318 silly addNameRange     '3.4.9',
318 silly addNameRange     '3.4.10',
318 silly addNameRange     '3.4.11',
318 silly addNameRange     '3.4.12',
318 silly addNameRange     '3.4.13',
318 silly addNameRange     '3.5.0',
318 silly addNameRange     '3.5.1',
318 silly addNameRange     '3.5.2',
318 silly addNameRange     '3.5.3',
318 silly addNameRange     '3.5.4',
318 silly addNameRange     '3.5.5',
318 silly addNameRange     '3.5.6',
318 silly addNameRange     '3.5.7',
318 silly addNameRange     '3.5.8',
318 silly addNameRange     '3.5.9',
318 silly addNameRange     '3.5.10',
318 silly addNameRange     '3.5.11',
318 silly addNameRange     '3.5.12',
318 silly addNameRange     '4.0.0-alpha.1',
318 silly addNameRange     '4.0.0-alpha.2',
318 silly addNameRange     '4.0.0-alpha.3',
318 silly addNameRange     '4.0.0-alpha.4',
318 silly addNameRange     '4.0.0-alpha.5',
318 silly addNameRange     '4.0.0-alpha.6',
318 silly addNameRange     '4.0.0-alpha.7',
318 silly addNameRange     '3.5.13',
318 silly addNameRange     '4.0.0-alpha.9',
318 silly addNameRange     '4.0.0-alpha.10',
318 silly addNameRange     '4.0.0-alpha.11',
318 silly addNameRange     '3.5.14',
318 silly addNameRange     '4.0.0-alpha.12',
318 silly addNameRange     '4.0.0-alpha.13',
318 silly addNameRange     '4.0.0-alpha.14',
318 silly addNameRange     '4.0.0-alpha.15',
318 silly addNameRange     '3.5.15',
318 silly addNameRange     '4.0.0-alpha.16',
318 silly addNameRange     '4.0.0-alpha.17',
318 silly addNameRange     '4.0.0-alpha.18',
318 silly addNameRange     '3.5.16',
318 silly addNameRange     '4.0.0-alpha.19',
318 silly addNameRange     '4.0.0-alpha.20',
318 silly addNameRange     '4.0.0-alpha.21',
318 silly addNameRange     '4.0.0-alpha.22',
318 silly addNameRange     '4.0.0-alpha.23',
318 silly addNameRange     '4.0.0-alpha.24',
318 silly addNameRange     '4.0.0-alpha.25',
318 silly addNameRange     '4.0.0-alpha.26',
318 silly addNameRange     '4.0.0-alpha.27',
318 silly addNameRange     '4.0.0-alpha.28',
318 silly addNameRange     '4.0.0-alpha.29',
318 silly addNameRange     '4.0.0-alpha.30',
318 silly addNameRange     '4.0.0-alpha.31',
318 silly addNameRange     '4.0.0-alpha.32',
318 silly addNameRange     '4.0.0-alpha.33',
318 silly addNameRange     '4.0.0-alpha.34',
318 silly addNameRange     '4.0.0-alpha.35',
318 silly addNameRange     '3.5.17',
318 silly addNameRange     '4.0.0-alpha.36',
318 silly addNameRange     '4.0.0-alpha.37',
318 silly addNameRange     '4.0.0-alpha.38',
318 silly addNameRange     '4.0.0-alpha.39',
318 silly addNameRange     '4.0.0-alpha.40',
318 silly addNameRange     '4.0.0-alpha.41',
318 silly addNameRange     '4.0.0-alpha.42',
318 silly addNameRange     '4.0.0-alpha.43',
318 silly addNameRange     '4.0.0-alpha.44',
318 silly addNameRange     '4.0.0-alpha.45',
318 silly addNameRange     '4.0.0-alpha.46',
318 silly addNameRange     '4.0.0-alpha.47',
318 silly addNameRange     '4.0.0-alpha.48',
318 silly addNameRange     '4.0.0-alpha.49',
318 silly addNameRange     '4.0.0-alpha.50',
318 silly addNameRange     '4.0.0-rc.1',
318 silly addNameRange     '4.0.0-rc.2',
318 silly addNameRange     '4.0.0',
318 silly addNameRange     '4.1.0',
318 silly addNameRange     '4.1.1',
318 silly addNameRange     '4.2.0',
318 silly addNameRange     '4.2.1',
318 silly addNameRange     '4.2.2',
318 silly addNameRange     '4.2.3',
318 silly addNameRange     '4.2.4',
318 silly addNameRange     '4.2.5',
318 silly addNameRange     '4.2.6',
318 silly addNameRange     '4.2.7',
318 silly addNameRange     '4.2.8',
318 silly addNameRange     '4.3.0',
318 silly addNameRange     '4.4.0',
318 silly addNameRange     '4.4.1',
318 silly addNameRange     '4.4.2',
318 silly addNameRange     '4.4.3',
318 silly addNameRange     '4.4.4',
318 silly addNameRange     '4.5.0',
318 silly addNameRange     '4.5.1',
318 silly addNameRange     '4.6.0',
318 silly addNameRange     '4.7.0',
318 silly addNameRange     '4.7.1',
318 silly addNameRange     '4.7.2',
318 silly addNameRange     '4.7.3',
318 silly addNameRange     '4.7.4' ] ]
319 verbose addNamed [ 'd3', '4.7.4' ]
320 verbose addNamed [ '4.7.4', '4.7.4' ]
321 silly lockFile 38926dbe-d3-4-7-4 d3@4.7.4
322 verbose lock d3@4.7.4 /home/pimpampum0/.npm/38926dbe-d3-4-7-4.lock
323 silly lockFile fb7f0d47-typesettable-3-1-0 typesettable@3.1.0
324 silly lockFile fb7f0d47-typesettable-3-1-0 typesettable@3.1.0
325 silly lockFile 38926dbe-d3-4-7-4 d3@4.7.4
326 silly lockFile 38926dbe-d3-4-7-4 d3@4.7.4
327 silly lockFile daf02f18-typesettable-3-0-2 typesettable@^3.0.2
328 silly lockFile daf02f18-typesettable-3-0-2 typesettable@^3.0.2
329 silly lockFile 79790785-d3-4-5-0 d3@^4.5.0
330 silly lockFile 79790785-d3-4-5-0 d3@^4.5.0
331 http 404 https://registry.npmjs.org/types/d3
332 silly registry.get cb [ 404,
332 silly registry.get   { 'content-type': 'application/json',
332 silly registry.get     'cache-control': 'max-age=0',
332 silly registry.get     'content-length': '2',
332 silly registry.get     'accept-ranges': 'bytes',
332 silly registry.get     date: 'Tue, 11 Apr 2017 07:44:22 GMT',
332 silly registry.get     via: '1.1 varnish',
332 silly registry.get     age: '0',
332 silly registry.get     connection: 'keep-alive',
332 silly registry.get     'x-served-by': 'cache-mad9431-MAD',
332 silly registry.get     'x-cache': 'MISS',
332 silly registry.get     'x-cache-hits': '0',
332 silly registry.get     'x-timer': 'S1491896662.077269,VS0,VE318',
332 silly registry.get     vary: 'Accept-Encoding' } ]
333 silly addNameRange number 2 { name: 'types/d3', range: '>=4.5.0-0 <5.0.0-0', hasData: true }
334 silly addNameRange versions [ undefined, [] ]
335 error TypeError: Cannot read property 'latest' of undefined
335 error     at next (/usr/share/npm/lib/cache.js:687:35)
335 error     at /usr/share/npm/lib/cache.js:675:5
335 error     at saved (/usr/share/npm/node_modules/npm-registry-client/lib/get.js:142:7)
335 error     at /usr/lib/nodejs/graceful-fs/polyfills.js:133:7
335 error     at Object.oncomplete (fs.js:107:15)
336 error If you need help, you may report this log at:
336 error     <http://github.com/isaacs/npm/issues>
336 error or email it to:
336 error     <npm-@googlegroups.com>
337 error System Linux 3.13.0-100-generic
338 error command "/usr/bin/nodejs" "/usr/bin/npm" "install" "--save" "plottable"
339 error cwd /home/pimpampum0/www/hours_tracker
340 error node -v v0.10.25
341 error npm -v 1.3.10
342 error type non_object_property_load
343 verbose exit [ 1, true ]
